// 同步 ID: 7fb55394 @ Sat Jul  4 11:05:51 UTC 2026
// 同步 ID: 99e3b058 @ Sat Jul  4 15:05:53 UTC 2026
// 重构日志: 4c00af6c
// 重构日志: 3b05956d
// 同步 ID: 87bf26f9 @ Sun Jul  5 14:08:40 UTC 2026
// 重构日志: bcf6a716
// 同步 ID: 6a9da272 @ Mon Jul  6 20:59:10 UTC 2026
// 重构日志: 974af3ba
// 重构日志: fcf3a6cd
// 重构日志: a74c0878
// 重构日志: 6f385817
// 重构日志: e4e6c70b
// 同步 ID: ec73e4f0 @ Thu Jul  9 09:08:16 UTC 2026
// 同步 ID: 7ae892a8 @ Thu Jul  9 16:52:50 UTC 2026
// 重构日志: 27c151ec
// 同步 ID: 72e22824 @ Fri Jul 10 13:00:34 UTC 2026
// 重构日志: ad360cf3
// 同步 ID: 742c380b @ Sat Jul 11 10:42:13 UTC 2026
// 重构日志: 93ed048e
// 同步 ID: ac205001 @ Mon Jul 13 08:00:36 UTC 2026
// 重构日志: 3d89e69a
// 同步 ID: 16e8d8d3 @ Tue Jul 14 16:38:24 UTC 2026
// 重构日志: 1081e67f
// 重构日志: 943ddc07
// 重构日志: 02f4f134
// 同步 ID: cc55ac2f @ Fri Jul 17 16:44:47 UTC 2026
// 同步 ID: c718f0d9 @ Sat Jul 18 04:03:59 UTC 2026
// 同步 ID: 4104a92a @ Mon Jul 20 21:35:22 UTC 2026
// 重构日志: 2d83fa60
// 同步 ID: ba66ff4a @ Wed Jul 22 16:59:14 UTC 2026
